# JRE version: OpenJDK Runtime Environment (8.0_152-b06) (build 1.8.0_152-release-1136-b06)
# Java VM: OpenJDK 64-Bit Server VM (25.152-b06 mixed mode linux-amd64 compressed oops)
Heap:
 PSYoungGen      total 427008K, used 15871K [0x00000000d5580000, 0x00000000f2c00000, 0x0000000100000000)
  eden space 384000K, 0% used [0x00000000d5580000,0x00000000d5580000,0x00000000ecc80000)
  from space 43008K, 36% used [0x00000000ecc80000,0x00000000edbffc70,0x00000000ef680000)
  to   space 38912K, 0% used [0x00000000ef680000,0x00000000ef680000,0x00000000f1c80000)
 ParOldGen       total 155648K, used 83612K [0x0000000080000000, 0x0000000089800000, 0x00000000d5580000)
  object space 155648K, 53% used [0x0000000080000000,0x00000000851a71a0,0x0000000089800000)
 Metaspace       used 88942K, capacity 92797K, committed 92820K, reserved 1130496K
  class space    used 11825K, capacity 12727K, committed 12732K, reserved 1048576K
GC Heap History (10 events):
Event: 9,966 GC heap after
Heap after GC invocations=11 (full 3):
 PSYoungGen      total 279040K, used 0K [0x00000000d5580000, 0x00000000e9600000, 0x0000000100000000)
  eden space 259072K, 0% used [0x00000000d5580000,0x00000000d5580000,0x00000000e5280000)
  from space 19968K, 0% used [0x00000000e6c80000,0x00000000e6c80000,0x00000000e8000000)
  to   space 26624K, 0% used [0x00000000e5280000,0x00000000e5280000,0x00000000e6c80000)
 ParOldGen       total 155648K, used 43182K [0x0000000080000000, 0x0000000089800000, 0x00000000d5580000)
  object space 155648K, 27% used [0x0000000080000000,0x0000000082a2bb58,0x0000000089800000)
 Metaspace       used 56954K, capacity 58960K, committed 59028K, reserved 1099776K
  class space    used 7850K, capacity 8353K, committed 8380K, reserved 1048576K
}
Event: 24,079 GC heap before
{Heap before GC invocations=12 (full 3):
 PSYoungGen      total 279040K, used 259072K [0x00000000d5580000, 0x00000000e9600000, 0x0000000100000000)
  eden space 259072K, 100% used [0x00000000d5580000,0x00000000e5280000,0x00000000e5280000)
  from space 19968K, 0% used [0x00000000e6c80000,0x00000000e6c80000,0x00000000e8000000)
  to   space 26624K, 0% used [0x00000000e5280000,0x00000000e5280000,0x00000000e6c80000)
 ParOldGen       total 155648K, used 43182K [0x0000000080000000, 0x0000000089800000, 0x00000000d5580000)
  object space 155648K, 27% used [0x0000000080000000,0x0000000082a2bb58,0x0000000089800000)
 Metaspace       used 65223K, capacity 67548K, committed 67732K, reserved 1107968K
  class space    used 8904K, capacity 9582K, committed 9660K, reserved 1048576K
Event: 24,106 GC heap after
Heap after GC invocations=12 (full 3):
 PSYoungGen      total 285696K, used 17262K [0x00000000d5580000, 0x00000000eb380000, 0x0000000100000000)
  eden space 259072K, 0% used [0x00000000d5580000,0x00000000d5580000,0x00000000e5280000)
  from space 26624K, 64% used [0x00000000e5280000,0x00000000e635b9a0,0x00000000e6c80000)
  to   space 27136K, 0% used [0x00000000e9900000,0x00000000e9900000,0x00000000eb380000)
 ParOldGen       total 155648K, used 43190K [0x0000000080000000, 0x0000000089800000, 0x00000000d5580000)
  object space 155648K, 27% used [0x0000000080000000,0x0000000082a2db58,0x0000000089800000)
 Metaspace       used 65223K, capacity 67548K, committed 67732K, reserved 1107968K
  class space    used 8904K, capacity 9582K, committed 9660K, reserved 1048576K
}
Event: 52,304 GC heap before
{Heap before GC invocations=13 (full 3):
 PSYoungGen      total 285696K, used 276334K [0x00000000d5580000, 0x00000000eb380000, 0x0000000100000000)
  eden space 259072K, 100% used [0x00000000d5580000,0x00000000e5280000,0x00000000e5280000)
  from space 26624K, 64% used [0x00000000e5280000,0x00000000e635b9a0,0x00000000e6c80000)
  to   space 27136K, 0% used [0x00000000e9900000,0x00000000e9900000,0x00000000eb380000)
 ParOldGen       total 155648K, used 43190K [0x0000000080000000, 0x0000000089800000, 0x00000000d5580000)
  object space 155648K, 27% used [0x0000000080000000,0x0000000082a2db58,0x0000000089800000)
 Metaspace       used 76507K, capacity 79173K, committed 79380K, reserved 1118208K
  class space    used 10317K, capacity 11056K, committed 11068K, reserved 1048576K
Event: 52,333 GC heap after
Heap after GC invocations=13 (full 3):
 PSYoungGen      total 322048K, used 27128K [0x00000000d5580000, 0x00000000ebe00000, 0x0000000100000000)
  eden space 294912K, 0% used [0x00000000d5580000,0x00000000d5580000,0x00000000e7580000)
  from space 27136K, 99% used [0x00000000e9900000,0x00000000eb37e1a8,0x00000000eb380000)
  to   space 36352K, 0% used [0x00000000e7580000,0x00000000e7580000,0x00000000e9900000)
 ParOldGen       total 155648K, used 56876K [0x0000000080000000, 0x0000000089800000, 0x00000000d5580000)
  object space 155648K, 36% used [0x0000000080000000,0x000000008378b218,0x0000000089800000)
 Metaspace       used 76507K, capacity 79173K, committed 79380K, reserved 1118208K
  class space    used 10317K, capacity 11056K, committed 11068K, reserved 1048576K
}
Event: 52,517 GC heap before
{Heap before GC invocations=14 (full 3):
 PSYoungGen      total 322048K, used 321070K [0x00000000d5580000, 0x00000000ebe00000, 0x0000000100000000)
  eden space 294912K, 99% used [0x00000000d5580000,0x00000000e748d818,0x00000000e7580000)
  from space 27136K, 99% used [0x00000000e9900000,0x00000000eb37e1a8,0x00000000eb380000)
  to   space 36352K, 0% used [0x00000000e7580000,0x00000000e7580000,0x00000000e9900000)
 ParOldGen       total 155648K, used 56876K [0x0000000080000000, 0x0000000089800000, 0x00000000d5580000)
  object space 155648K, 36% used [0x0000000080000000,0x000000008378b218,0x0000000089800000)
 Metaspace       used 77036K, capacity 79841K, committed 80020K, reserved 1118208K
  class space    used 10390K, capacity 11150K, committed 11196K, reserved 1048576K
Event: 52,537 GC heap after
Heap after GC invocations=14 (full 3):
 PSYoungGen      total 331264K, used 28448K [0x00000000d5580000, 0x00000000f1c80000, 0x0000000100000000)
  eden space 294912K, 0% used [0x00000000d5580000,0x00000000d5580000,0x00000000e7580000)
  from space 36352K, 78% used [0x00000000e7580000,0x00000000e9148318,0x00000000e9900000)
  to   space 38912K, 0% used [0x00000000ef680000,0x00000000ef680000,0x00000000f1c80000)
 ParOldGen       total 155648K, used 56884K [0x0000000080000000, 0x0000000089800000, 0x00000000d5580000)
  object space 155648K, 36% used [0x0000000080000000,0x000000008378d218,0x0000000089800000)
 Metaspace       used 77036K, capacity 79841K, committed 80020K, reserved 1118208K
  class space    used 10390K, capacity 11150K, committed 11196K, reserved 1048576K
}
Event: 54,075 GC heap before
{Heap before GC invocations=15 (full 3):
 PSYoungGen      total 331264K, used 323360K [0x00000000d5580000, 0x00000000f1c80000, 0x0000000100000000)
  eden space 294912K, 100% used [0x00000000d5580000,0x00000000e7580000,0x00000000e7580000)
  from space 36352K, 78% used [0x00000000e7580000,0x00000000e9148318,0x00000000e9900000)
  to   space 38912K, 0% used [0x00000000ef680000,0x00000000ef680000,0x00000000f1c80000)
 ParOldGen       total 155648K, used 56884K [0x0000000080000000, 0x0000000089800000, 0x00000000d5580000)
  object space 155648K, 36% used [0x0000000080000000,0x000000008378d218,0x0000000089800000)
 Metaspace       used 79910K, capacity 82853K, committed 83092K, reserved 1120256K
  class space    used 10665K, capacity 11433K, committed 11452K, reserved 1048576K
Event: 54,161 GC heap after
Heap after GC invocations=15 (full 3):
 PSYoungGen      total 422912K, used 34191K [0x00000000d5580000, 0x00000000f2c00000, 0x0000000100000000)
  eden space 384000K, 0% used [0x00000000d5580000,0x00000000d5580000,0x00000000ecc80000)
  from space 38912K, 87% used [0x00000000ef680000,0x00000000f17e3db0,0x00000000f1c80000)
  to   space 43008K, 0% used [0x00000000ecc80000,0x00000000ecc80000,0x00000000ef680000)
 ParOldGen       total 155648K, used 56892K [0x0000000080000000, 0x0000000089800000, 0x00000000d5580000)
  object space 155648K, 36% used [0x0000000080000000,0x000000008378f218,0x0000000089800000)
 Metaspace       used 79910K, capacity 82853K, committed 83092K, reserved 1120256K
  class space    used 10665K, capacity 11433K, committed 11452K, reserved 1048576K
}
Event: 59,323 GC heap before
{Heap before GC invocations=16 (full 3):
 PSYoungGen      total 422912K, used 418191K [0x00000000d5580000, 0x00000000f2c00000, 0x0000000100000000)
  eden space 384000K, 100% used [0x00000000d5580000,0x00000000ecc80000,0x00000000ecc80000)
  from space 38912K, 87% used [0x00000000ef680000,0x00000000f17e3db0,0x00000000f1c80000)
  to   space 43008K, 0% used [0x00000000ecc80000,0x00000000ecc80000,0x00000000ef680000)
 ParOldGen       total 155648K, used 56892K [0x0000000080000000, 0x0000000089800000, 0x00000000d5580000)
  object space 155648K, 36% used [0x0000000080000000,0x000000008378f218,0x0000000089800000)
 Metaspace       used 88942K, capacity 92797K, committed 92820K, reserved 1130496K
  class space    used 11825K, capacity 12727K, committed 12732K, reserved 1048576K

